help.are
limbo.are
strts.are
tuns.are
sky.are
park.are
beach.are
forest.are
travel.are
lodge.are
shops.are
comm.are
mall.are
school.are
thall.are
ymca.are
bar.are
bdepot.are
mplot.are
medcent.are
sheriff.are
poffice.are
bank.are
library.are
noffice.are
thq.are
hhq.are
ohq.are
aptmnts.are
cachurch.are
prchurch.are
gyard.are
house.are
brown.are
boston.are
america.are
mexico.are
canada.are
samerica.are
europe.are
africa.are
asia.are
austr.are
mists.are
prop.are
trailerp.are
under.are
oldmega.are
other.are
wilds.are
godrealm.are
$
